Analysis initiated from SIMULIA established products
Abaqus JOB mode-2_LEFM_XFEM
Abaqus 2021.HF9
Abaqus License Manager checked out the following licenses:
Abaqus/Standard checked out 5 tokens from Flexnet server 128.138.222.112.
<49 out of 64 licenses remain available>.
Begin Analysis Input File Processor
3/15/2022 5:08:57 PM
Run pre.exe
3/15/2022 5:08:58 PM
End Analysis Input File Processor
Begin Abaqus/Standard Analysis
3/15/2022 5:08:58 PM
Run standard.exe
3/15/2022 5:10:58 PM
End Abaqus/Standard Analysis
Begin SIM Wrap-up
3/15/2022 5:10:59 PM
Run SMASimUtility.exe
3/15/2022 5:10:59 PM
End SIM Wrap-up
Abaqus JOB mode-2_LEFM_XFEM COMPLETED
