Analysis initiated from SIMULIA established products
Abaqus JOB mode-1_XFEM
Abaqus 2021.HF9
Abaqus License Manager checked out the following licenses:
Abaqus/Standard checked out 5 tokens from Flexnet server 128.138.222.112.
<54 out of 64 licenses remain available>.
Begin Analysis Input File Processor
3/15/2022 5:08:33 PM
Run pre.exe
3/15/2022 5:08:34 PM
End Analysis Input File Processor
Begin Abaqus/Standard Analysis
3/15/2022 5:08:34 PM
Run standard.exe
3/15/2022 5:09:42 PM
End Abaqus/Standard Analysis
Begin SIM Wrap-up
3/15/2022 5:09:43 PM
Run SMASimUtility.exe
3/15/2022 5:09:43 PM
End SIM Wrap-up
Abaqus JOB mode-1_XFEM COMPLETED
